2021-05-11 16:20:35.053 [main] WARN  org.mybatis.spring.mapper.ClassPathMapperScanner - Skipping MapperFactoryBean with name 'departmentMapper' and 'com.bhb.management.mapper.DepartmentMapper' mapperInterface. Bean already defined with the same name!
2021-05-11 16:20:35.055 [main] WARN  org.mybatis.spring.mapper.ClassPathMapperScanner - Skipping MapperFactoryBean with name 'excellentEmployeeMapper' and 'com.bhb.management.mapper.ExcellentEmployeeMapper' mapperInterface. Bean already defined with the same name!
2021-05-11 16:20:35.055 [main] WARN  org.mybatis.spring.mapper.ClassPathMapperScanner - Skipping MapperFactoryBean with name 'IPermissionMapper' and 'com.bhb.management.mapper.IPermissionMapper' mapperInterface. Bean already defined with the same name!
2021-05-11 16:20:35.056 [main] WARN  org.mybatis.spring.mapper.ClassPathMapperScanner - Skipping MapperFactoryBean with name 'IRoleMapper' and 'com.bhb.management.mapper.IRoleMapper' mapperInterface. Bean already defined with the same name!
2021-05-11 16:20:35.056 [main] WARN  org.mybatis.spring.mapper.ClassPathMapperScanner - Skipping MapperFactoryBean with name 'IUserMapper' and 'com.bhb.management.mapper.IUserMapper' mapperInterface. Bean already defined with the same name!
2021-05-11 16:20:35.056 [main] WARN  org.mybatis.spring.mapper.ClassPathMapperScanner - No MyBatis mapper was found in '[com.bhb.management.mapper]' package. Please check your configuration.
2021-05-11 16:20:38.505 [main] WARN  org.thymeleaf.templatemode.TemplateMode - [THYMELEAF][main] Template Mode 'HTML5' is deprecated. Using Template Mode 'HTML' instead.
2021-05-11 16:20:49.602 [http-nio-8080-exec-4] WARN  n.n.ultraq.thymeleaf.decorators.DecoratorProcessor - The layout:decorator/data-layout-decorator processor has been deprecated and will be removed in the next major version of the layout dialect.  Please use layout:decorate/data-layout-decorate instead to future-proof your code.  See https://github.com/ultraq/thymeleaf-layout-dialect/issues/95 for more information.
2021-05-11 16:20:49.681 [http-nio-8080-exec-4] WARN  n.n.u.thymeleaf.expressions.ExpressionProcessor - Fragment expression "common/common" is being wrapped as a Thymeleaf 3 fragment expression (~{...}) for backwards compatibility purposes.  This wrapping will be dropped in the next major version of the expression processor, so please rewrite as a Thymeleaf 3 fragment expression to future-proof your code.  See https://github.com/thymeleaf/thymeleaf/issues/451 for more information.
2021-05-11 16:20:50.090 [http-nio-8080-exec-1] WARN  org.springframework.web.servlet.PageNotFound - No mapping for POST /projectoa/message/getUnReadMessages
2021-05-11 16:20:50.090 [http-nio-8080-exec-10] WARN  org.springframework.web.servlet.PageNotFound - No mapping for POST /projectoa/notice/getUnReadNotices
2021-05-11 16:20:50.121 [http-nio-8080-exec-4] WARN  org.springframework.web.servlet.PageNotFound - No mapping for POST /projectoa/userinfo/getBestImageNum
2021-05-11 16:20:50.121 [http-nio-8080-exec-3] WARN  org.springframework.web.servlet.PageNotFound - No mapping for POST /projectoa/userinfo/getBestUserName
2021-05-11 16:20:50.122 [http-nio-8080-exec-8] WARN  org.springframework.web.servlet.PageNotFound - No mapping for POST /projectoa/message/getLastMessage
2021-05-11 16:20:50.122 [http-nio-8080-exec-6] WARN  org.springframework.web.servlet.PageNotFound - No mapping for POST /projectoa/notice/getLastNotice
2021-05-11 16:20:55.328 [http-nio-8080-exec-4] WARN  org.springframework.web.servlet.PageNotFound - No mapping for POST /position/query
2021-05-11 16:20:55.328 [http-nio-8080-exec-8] WARN  org.springframework.web.servlet.PageNotFound - No mapping for POST /department/query
2021-05-11 16:20:55.330 [http-nio-8080-exec-9] WARN  org.springframework.web.servlet.PageNotFound - No mapping for POST /user/userList
2021-05-11 16:20:55.374 [http-nio-8080-exec-7] WARN  org.springframework.web.servlet.PageNotFound - No mapping for POST /projectoa/message/getUnReadMessages
2021-05-11 16:20:55.375 [http-nio-8080-exec-2] WARN  org.springframework.web.servlet.PageNotFound - No mapping for POST /projectoa/notice/getUnReadNotices
2021-05-11 16:20:59.014 [http-nio-8080-exec-1] WARN  org.springframework.web.servlet.PageNotFound - No mapping for POST /department/query
2021-05-11 16:20:59.017 [http-nio-8080-exec-3] WARN  org.springframework.web.servlet.PageNotFound - No mapping for POST /projectoa/position/query
2021-05-11 16:20:59.018 [http-nio-8080-exec-8] WARN  org.springframework.web.servlet.PageNotFound - No mapping for POST /projectoa/userinfo/getSelf
2021-05-11 16:20:59.018 [http-nio-8080-exec-1] WARN  org.springframework.web.servlet.PageNotFound - No mapping for POST /projectoa/userinfo/getUserinfo
2021-05-11 16:20:59.054 [http-nio-8080-exec-9] WARN  org.springframework.web.servlet.PageNotFound - No mapping for POST /projectoa/message/getUnReadMessages
2021-05-11 16:20:59.056 [http-nio-8080-exec-7] WARN  org.springframework.web.servlet.PageNotFound - No mapping for POST /projectoa/notice/getUnReadNotices
2021-05-11 16:21:01.639 [http-nio-8080-exec-3] WARN  org.springframework.web.servlet.PageNotFound - No mapping for POST /projectoa/notice/getUnReadNotices
2021-05-11 16:21:01.639 [http-nio-8080-exec-10] WARN  org.springframework.web.servlet.PageNotFound - No mapping for POST /projectoa/message/getUnReadMessages
2021-05-11 16:21:01.677 [http-nio-8080-exec-8] WARN  org.springframework.web.servlet.PageNotFound - No mapping for POST /projectoa/userinfo/getBestImageNum
2021-05-11 16:21:01.679 [http-nio-8080-exec-4] WARN  org.springframework.web.servlet.PageNotFound - No mapping for POST /projectoa/userinfo/getBestUserName
2021-05-11 16:21:01.680 [http-nio-8080-exec-8] WARN  org.springframework.web.servlet.PageNotFound - No mapping for POST /projectoa/message/getLastMessage
2021-05-11 16:21:01.682 [http-nio-8080-exec-4] WARN  org.springframework.web.servlet.PageNotFound - No mapping for POST /projectoa/notice/getLastNotice
2021-05-11 16:21:05.843 [http-nio-8080-exec-6] WARN  org.springframework.web.servlet.PageNotFound - No mapping for POST /position/query
2021-05-11 16:21:05.844 [http-nio-8080-exec-10] WARN  org.springframework.web.servlet.PageNotFound - No mapping for POST /user/userList
2021-05-11 16:21:05.844 [http-nio-8080-exec-9] WARN  org.springframework.web.servlet.PageNotFound - No mapping for POST /projectoa/notice/getUnReadNotices
2021-05-11 16:21:05.844 [http-nio-8080-exec-3] WARN  org.springframework.web.servlet.PageNotFound - No mapping for POST /projectoa/message/getUnReadMessages
2021-05-11 16:21:05.843 [http-nio-8080-exec-5] WARN  org.springframework.web.servlet.PageNotFound - No mapping for POST /department/query
2021-05-11 16:21:07.032 [http-nio-8080-exec-7] WARN  org.springframework.web.servlet.PageNotFound - No mapping for POST /projectoa/message/getUnReadMessages
2021-05-11 16:21:07.032 [http-nio-8080-exec-4] WARN  org.springframework.web.servlet.PageNotFound - No mapping for POST /projectoa/notice/getUnReadNotices
2021-05-11 16:21:07.083 [http-nio-8080-exec-6] WARN  org.springframework.web.servlet.PageNotFound - No mapping for POST /projectoa/userinfo/getBestImageNum
2021-05-11 16:21:07.083 [http-nio-8080-exec-10] WARN  org.springframework.web.servlet.PageNotFound - No mapping for POST /projectoa/userinfo/getBestUserName
2021-05-11 16:21:07.083 [http-nio-8080-exec-9] WARN  org.springframework.web.servlet.PageNotFound - No mapping for POST /projectoa/message/getLastMessage
2021-05-11 16:21:07.086 [http-nio-8080-exec-6] WARN  org.springframework.web.servlet.PageNotFound - No mapping for POST /projectoa/notice/getLastNotice
