2021-05-01 18:41:06.307 [main] WARN  org.mybatis.spring.mapper.ClassPathMapperScanner - No MyBatis mapper was found in '[com.bhb.management]' package. Please check your configuration.
2021-05-01 18:41:07.512 [main] WARN  org.thymeleaf.templatemode.TemplateMode - [THYMELEAF][main] Template Mode 'HTML5' is deprecated. Using Template Mode 'HTML' instead.
2021-05-01 18:41:08.457 [main] WARN  org.mybatis.spring.mapper.ClassPathMapperScanner - No MyBatis mapper was found in '[com.bhb.management]' package. Please check your configuration.
2021-05-01 18:41:09.070 [main] WARN  org.thymeleaf.templatemode.TemplateMode - [THYMELEAF][main] Template Mode 'HTML5' is deprecated. Using Template Mode 'HTML' instead.
2021-05-01 18:41:10.451 [main] WARN  o.s.b.w.s.c.AnnotationConfigServletWebServerApplicationContext - Exception encountered during context initialization - cancelling refresh attempt: org.springframework.context.ApplicationContextException: Failed to start bean 'webServerStartStop'; nested exception is org.springframework.boot.web.server.PortInUseException: Port 8080 is already in use
2021-05-01 18:41:10.479 [main] ERROR o.s.b.diagnostics.LoggingFailureAnalysisReporter - 

***************************
APPLICATION FAILED TO START
***************************

Description:

Web server failed to start. Port 8080 was already in use.

Action:

Identify and stop the process that's listening on port 8080 or configure this application to listen on another port.

2021-05-01 18:41:19.466 [main] WARN  org.mybatis.spring.mapper.ClassPathMapperScanner - No MyBatis mapper was found in '[com.bhb.management]' package. Please check your configuration.
2021-05-01 18:41:19.956 [main] WARN  org.thymeleaf.templatemode.TemplateMode - [THYMELEAF][main] Template Mode 'HTML5' is deprecated. Using Template Mode 'HTML' instead.
2021-05-01 18:47:36.556 [main] WARN  org.mybatis.spring.mapper.ClassPathMapperScanner - No MyBatis mapper was found in '[com.bhb.management]' package. Please check your configuration.
2021-05-01 18:47:37.043 [main] WARN  org.thymeleaf.templatemode.TemplateMode - [THYMELEAF][main] Template Mode 'HTML5' is deprecated. Using Template Mode 'HTML' instead.
2021-05-01 18:48:53.347 [main] WARN  org.mybatis.spring.mapper.ClassPathMapperScanner - No MyBatis mapper was found in '[com.bhb.management]' package. Please check your configuration.
2021-05-01 18:48:53.819 [main] WARN  org.thymeleaf.templatemode.TemplateMode - [THYMELEAF][main] Template Mode 'HTML5' is deprecated. Using Template Mode 'HTML' instead.
2021-05-01 20:28:59.401 [main] WARN  c.b.mybatisplus.core.metadata.TableInfoHelper - This primary key of "id" is primitive !不建议如此请使用包装类 in Class: "com.bhb.management.pojo.User"
2021-05-01 20:28:59.487 [main] WARN  c.b.mybatisplus.core.metadata.TableInfoHelper - This primary key of "id" is primitive !不建议如此请使用包装类 in Class: "com.bhb.management.pojo.Role"
2021-05-01 20:28:59.518 [main] WARN  c.b.mybatisplus.core.metadata.TableInfoHelper - This primary key of "id" is primitive !不建议如此请使用包装类 in Class: "com.bhb.management.pojo.Permission"
2021-05-01 20:29:00.344 [main] WARN  org.thymeleaf.templatemode.TemplateMode - [THYMELEAF][main] Template Mode 'HTML5' is deprecated. Using Template Mode 'HTML' instead.
2021-05-01 20:56:23.601 [main] WARN  org.thymeleaf.templatemode.TemplateMode - [THYMELEAF][main] Template Mode 'HTML5' is deprecated. Using Template Mode 'HTML' instead.
2021-05-01 21:53:57.739 [main] WARN  org.mybatis.spring.mapper.ClassPathMapperScanner - Skipping MapperFactoryBean with name 'IPermissionMapper' and 'com.bhb.management.mapper.IPermissionMapper' mapperInterface. Bean already defined with the same name!
2021-05-01 21:53:57.741 [main] WARN  org.mybatis.spring.mapper.ClassPathMapperScanner - Skipping MapperFactoryBean with name 'IRoleMapper' and 'com.bhb.management.mapper.IRoleMapper' mapperInterface. Bean already defined with the same name!
2021-05-01 21:53:57.742 [main] WARN  org.mybatis.spring.mapper.ClassPathMapperScanner - Skipping MapperFactoryBean with name 'IUserMapper' and 'com.bhb.management.mapper.IUserMapper' mapperInterface. Bean already defined with the same name!
2021-05-01 21:53:57.742 [main] WARN  org.mybatis.spring.mapper.ClassPathMapperScanner - No MyBatis mapper was found in '[com.bhb.management.mapper]' package. Please check your configuration.
2021-05-01 21:54:01.631 [main] WARN  org.thymeleaf.templatemode.TemplateMode - [THYMELEAF][main] Template Mode 'HTML5' is deprecated. Using Template Mode 'HTML' instead.
2021-05-01 22:18:36.043 [main] WARN  org.mybatis.spring.mapper.ClassPathMapperScanner - Skipping MapperFactoryBean with name 'IPermissionMapper' and 'com.bhb.management.mapper.IPermissionMapper' mapperInterface. Bean already defined with the same name!
2021-05-01 22:18:36.047 [main] WARN  org.mybatis.spring.mapper.ClassPathMapperScanner - Skipping MapperFactoryBean with name 'IRoleMapper' and 'com.bhb.management.mapper.IRoleMapper' mapperInterface. Bean already defined with the same name!
2021-05-01 22:18:36.047 [main] WARN  org.mybatis.spring.mapper.ClassPathMapperScanner - Skipping MapperFactoryBean with name 'IUserMapper' and 'com.bhb.management.mapper.IUserMapper' mapperInterface. Bean already defined with the same name!
2021-05-01 22:18:36.047 [main] WARN  org.mybatis.spring.mapper.ClassPathMapperScanner - No MyBatis mapper was found in '[com.bhb.management.mapper]' package. Please check your configuration.
2021-05-01 22:18:39.896 [main] WARN  org.thymeleaf.templatemode.TemplateMode - [THYMELEAF][main] Template Mode 'HTML5' is deprecated. Using Template Mode 'HTML' instead.
2021-05-01 22:20:15.685 [main] WARN  org.mybatis.spring.mapper.ClassPathMapperScanner - Skipping MapperFactoryBean with name 'IPermissionMapper' and 'com.bhb.management.mapper.IPermissionMapper' mapperInterface. Bean already defined with the same name!
2021-05-01 22:20:15.686 [main] WARN  org.mybatis.spring.mapper.ClassPathMapperScanner - Skipping MapperFactoryBean with name 'IRoleMapper' and 'com.bhb.management.mapper.IRoleMapper' mapperInterface. Bean already defined with the same name!
2021-05-01 22:20:15.687 [main] WARN  org.mybatis.spring.mapper.ClassPathMapperScanner - Skipping MapperFactoryBean with name 'IUserMapper' and 'com.bhb.management.mapper.IUserMapper' mapperInterface. Bean already defined with the same name!
2021-05-01 22:20:15.687 [main] WARN  org.mybatis.spring.mapper.ClassPathMapperScanner - No MyBatis mapper was found in '[com.bhb.management.mapper]' package. Please check your configuration.
2021-05-01 22:20:18.191 [main] WARN  org.thymeleaf.templatemode.TemplateMode - [THYMELEAF][main] Template Mode 'HTML5' is deprecated. Using Template Mode 'HTML' instead.
2021-05-01 22:27:08.535 [main] WARN  org.mybatis.spring.mapper.ClassPathMapperScanner - Skipping MapperFactoryBean with name 'IPermissionMapper' and 'com.bhb.management.mapper.IPermissionMapper' mapperInterface. Bean already defined with the same name!
2021-05-01 22:27:08.537 [main] WARN  org.mybatis.spring.mapper.ClassPathMapperScanner - Skipping MapperFactoryBean with name 'IRoleMapper' and 'com.bhb.management.mapper.IRoleMapper' mapperInterface. Bean already defined with the same name!
2021-05-01 22:27:08.537 [main] WARN  org.mybatis.spring.mapper.ClassPathMapperScanner - Skipping MapperFactoryBean with name 'IUserMapper' and 'com.bhb.management.mapper.IUserMapper' mapperInterface. Bean already defined with the same name!
2021-05-01 22:27:08.537 [main] WARN  org.mybatis.spring.mapper.ClassPathMapperScanner - No MyBatis mapper was found in '[com.bhb.management.mapper]' package. Please check your configuration.
2021-05-01 22:27:11.063 [main] WARN  org.thymeleaf.templatemode.TemplateMode - [THYMELEAF][main] Template Mode 'HTML5' is deprecated. Using Template Mode 'HTML' instead.
2021-05-01 22:29:12.460 [main] WARN  org.mybatis.spring.mapper.ClassPathMapperScanner - Skipping MapperFactoryBean with name 'IPermissionMapper' and 'com.bhb.management.mapper.IPermissionMapper' mapperInterface. Bean already defined with the same name!
2021-05-01 22:29:12.462 [main] WARN  org.mybatis.spring.mapper.ClassPathMapperScanner - Skipping MapperFactoryBean with name 'IRoleMapper' and 'com.bhb.management.mapper.IRoleMapper' mapperInterface. Bean already defined with the same name!
2021-05-01 22:29:12.462 [main] WARN  org.mybatis.spring.mapper.ClassPathMapperScanner - Skipping MapperFactoryBean with name 'IUserMapper' and 'com.bhb.management.mapper.IUserMapper' mapperInterface. Bean already defined with the same name!
2021-05-01 22:29:12.462 [main] WARN  org.mybatis.spring.mapper.ClassPathMapperScanner - No MyBatis mapper was found in '[com.bhb.management.mapper]' package. Please check your configuration.
2021-05-01 22:29:14.961 [main] WARN  org.thymeleaf.templatemode.TemplateMode - [THYMELEAF][main] Template Mode 'HTML5' is deprecated. Using Template Mode 'HTML' instead.
2021-05-01 22:31:05.724 [main] WARN  org.mybatis.spring.mapper.ClassPathMapperScanner - Skipping MapperFactoryBean with name 'IPermissionMapper' and 'com.bhb.management.mapper.IPermissionMapper' mapperInterface. Bean already defined with the same name!
2021-05-01 22:31:05.726 [main] WARN  org.mybatis.spring.mapper.ClassPathMapperScanner - Skipping MapperFactoryBean with name 'IRoleMapper' and 'com.bhb.management.mapper.IRoleMapper' mapperInterface. Bean already defined with the same name!
2021-05-01 22:31:05.726 [main] WARN  org.mybatis.spring.mapper.ClassPathMapperScanner - Skipping MapperFactoryBean with name 'IUserMapper' and 'com.bhb.management.mapper.IUserMapper' mapperInterface. Bean already defined with the same name!
2021-05-01 22:31:05.726 [main] WARN  org.mybatis.spring.mapper.ClassPathMapperScanner - No MyBatis mapper was found in '[com.bhb.management.mapper]' package. Please check your configuration.
2021-05-01 22:31:08.281 [main] WARN  org.thymeleaf.templatemode.TemplateMode - [THYMELEAF][main] Template Mode 'HTML5' is deprecated. Using Template Mode 'HTML' instead.
2021-05-01 22:34:23.165 [main] WARN  org.mybatis.spring.mapper.ClassPathMapperScanner - Skipping MapperFactoryBean with name 'IPermissionMapper' and 'com.bhb.management.mapper.IPermissionMapper' mapperInterface. Bean already defined with the same name!
2021-05-01 22:34:23.167 [main] WARN  org.mybatis.spring.mapper.ClassPathMapperScanner - Skipping MapperFactoryBean with name 'IRoleMapper' and 'com.bhb.management.mapper.IRoleMapper' mapperInterface. Bean already defined with the same name!
2021-05-01 22:34:23.168 [main] WARN  org.mybatis.spring.mapper.ClassPathMapperScanner - Skipping MapperFactoryBean with name 'IUserMapper' and 'com.bhb.management.mapper.IUserMapper' mapperInterface. Bean already defined with the same name!
2021-05-01 22:34:23.168 [main] WARN  org.mybatis.spring.mapper.ClassPathMapperScanner - No MyBatis mapper was found in '[com.bhb.management.mapper]' package. Please check your configuration.
2021-05-01 22:34:25.103 [main] WARN  org.mybatis.spring.mapper.ClassPathMapperScanner - Skipping MapperFactoryBean with name 'IPermissionMapper' and 'com.bhb.management.mapper.IPermissionMapper' mapperInterface. Bean already defined with the same name!
2021-05-01 22:34:25.106 [main] WARN  org.mybatis.spring.mapper.ClassPathMapperScanner - Skipping MapperFactoryBean with name 'IRoleMapper' and 'com.bhb.management.mapper.IRoleMapper' mapperInterface. Bean already defined with the same name!
2021-05-01 22:34:25.106 [main] WARN  org.mybatis.spring.mapper.ClassPathMapperScanner - Skipping MapperFactoryBean with name 'IUserMapper' and 'com.bhb.management.mapper.IUserMapper' mapperInterface. Bean already defined with the same name!
2021-05-01 22:34:25.106 [main] WARN  org.mybatis.spring.mapper.ClassPathMapperScanner - No MyBatis mapper was found in '[com.bhb.management.mapper]' package. Please check your configuration.
2021-05-01 22:34:26.959 [main] WARN  org.thymeleaf.templatemode.TemplateMode - [THYMELEAF][main] Template Mode 'HTML5' is deprecated. Using Template Mode 'HTML' instead.
2021-05-01 22:34:28.427 [main] WARN  org.thymeleaf.templatemode.TemplateMode - [THYMELEAF][main] Template Mode 'HTML5' is deprecated. Using Template Mode 'HTML' instead.
2021-05-01 22:34:28.610 [main] WARN  o.s.b.w.s.c.AnnotationConfigServletWebServerApplicationContext - Exception encountered during context initialization - cancelling refresh attempt: org.springframework.context.ApplicationContextException: Failed to start bean 'webServerStartStop'; nested exception is org.springframework.boot.web.server.PortInUseException: Port 8080 is already in use
2021-05-01 22:34:28.637 [main] ERROR o.s.b.diagnostics.LoggingFailureAnalysisReporter - 

***************************
APPLICATION FAILED TO START
***************************

Description:

Web server failed to start. Port 8080 was already in use.

Action:

Identify and stop the process that's listening on port 8080 or configure this application to listen on another port.

2021-05-01 22:34:38.376 [main] WARN  org.mybatis.spring.mapper.ClassPathMapperScanner - Skipping MapperFactoryBean with name 'IPermissionMapper' and 'com.bhb.management.mapper.IPermissionMapper' mapperInterface. Bean already defined with the same name!
2021-05-01 22:34:38.378 [main] WARN  org.mybatis.spring.mapper.ClassPathMapperScanner - Skipping MapperFactoryBean with name 'IRoleMapper' and 'com.bhb.management.mapper.IRoleMapper' mapperInterface. Bean already defined with the same name!
2021-05-01 22:34:38.379 [main] WARN  org.mybatis.spring.mapper.ClassPathMapperScanner - Skipping MapperFactoryBean with name 'IUserMapper' and 'com.bhb.management.mapper.IUserMapper' mapperInterface. Bean already defined with the same name!
2021-05-01 22:34:38.379 [main] WARN  org.mybatis.spring.mapper.ClassPathMapperScanner - No MyBatis mapper was found in '[com.bhb.management.mapper]' package. Please check your configuration.
2021-05-01 22:34:40.952 [main] WARN  org.thymeleaf.templatemode.TemplateMode - [THYMELEAF][main] Template Mode 'HTML5' is deprecated. Using Template Mode 'HTML' instead.
2021-05-01 22:37:36.139 [main] WARN  org.mybatis.spring.mapper.ClassPathMapperScanner - Skipping MapperFactoryBean with name 'IPermissionMapper' and 'com.bhb.management.mapper.IPermissionMapper' mapperInterface. Bean already defined with the same name!
2021-05-01 22:37:36.141 [main] WARN  org.mybatis.spring.mapper.ClassPathMapperScanner - Skipping MapperFactoryBean with name 'IRoleMapper' and 'com.bhb.management.mapper.IRoleMapper' mapperInterface. Bean already defined with the same name!
2021-05-01 22:37:36.141 [main] WARN  org.mybatis.spring.mapper.ClassPathMapperScanner - Skipping MapperFactoryBean with name 'IUserMapper' and 'com.bhb.management.mapper.IUserMapper' mapperInterface. Bean already defined with the same name!
2021-05-01 22:37:36.141 [main] WARN  org.mybatis.spring.mapper.ClassPathMapperScanner - No MyBatis mapper was found in '[com.bhb.management.mapper]' package. Please check your configuration.
2021-05-01 22:37:38.733 [main] WARN  org.thymeleaf.templatemode.TemplateMode - [THYMELEAF][main] Template Mode 'HTML5' is deprecated. Using Template Mode 'HTML' instead.
2021-05-01 22:37:43.597 [http-nio-8080-exec-6] WARN  org.springframework.web.servlet.PageNotFound - No mapping for GET /index.html
2021-05-01 22:37:43.597 [http-nio-8080-exec-2] WARN  org.springframework.web.servlet.PageNotFound - No mapping for GET /index.html
2021-05-01 22:37:43.597 [http-nio-8080-exec-4] WARN  org.springframework.web.servlet.PageNotFound - No mapping for GET /index.html
2021-05-01 22:37:43.597 [http-nio-8080-exec-7] WARN  org.springframework.web.servlet.PageNotFound - No mapping for GET /index.html
2021-05-01 22:37:43.597 [http-nio-8080-exec-5] WARN  org.springframework.web.servlet.PageNotFound - No mapping for GET /index.html
2021-05-01 22:37:43.597 [http-nio-8080-exec-3] WARN  org.springframework.web.servlet.PageNotFound - No mapping for GET /index.html
2021-05-01 22:37:43.601 [http-nio-8080-exec-2] WARN  org.springframework.web.servlet.PageNotFound - No mapping for GET /index.html
2021-05-01 22:37:43.601 [http-nio-8080-exec-4] WARN  org.springframework.web.servlet.PageNotFound - No mapping for GET /index.html
2021-05-01 22:37:43.601 [http-nio-8080-exec-7] WARN  org.springframework.web.servlet.PageNotFound - No mapping for GET /index.html
2021-05-01 22:37:43.601 [http-nio-8080-exec-6] WARN  org.springframework.web.servlet.PageNotFound - No mapping for GET /index.html
2021-05-01 22:37:43.601 [http-nio-8080-exec-5] WARN  org.springframework.web.servlet.PageNotFound - No mapping for GET /index.html
2021-05-01 22:37:43.601 [http-nio-8080-exec-3] WARN  org.springframework.web.servlet.PageNotFound - No mapping for GET /index.html
2021-05-01 22:37:43.615 [http-nio-8080-exec-8] WARN  org.springframework.web.servlet.PageNotFound - No mapping for GET /index.html
2021-05-01 22:37:43.616 [http-nio-8080-exec-8] WARN  org.springframework.web.servlet.PageNotFound - No mapping for GET /index.html
2021-05-01 22:37:43.617 [http-nio-8080-exec-9] WARN  org.springframework.web.servlet.PageNotFound - No mapping for GET /index.html
2021-05-01 22:37:43.619 [http-nio-8080-exec-9] WARN  org.springframework.web.servlet.PageNotFound - No mapping for GET /index.html
2021-05-01 22:37:43.624 [http-nio-8080-exec-10] WARN  org.springframework.web.servlet.PageNotFound - No mapping for GET /index.html
2021-05-01 22:37:43.625 [http-nio-8080-exec-10] WARN  org.springframework.web.servlet.PageNotFound - No mapping for GET /index.html
2021-05-01 22:37:43.629 [http-nio-8080-exec-1] WARN  org.springframework.web.servlet.PageNotFound - No mapping for GET /index.html
2021-05-01 22:37:43.630 [http-nio-8080-exec-1] WARN  org.springframework.web.servlet.PageNotFound - No mapping for GET /index.html
2021-05-01 22:38:22.633 [main] WARN  org.mybatis.spring.mapper.ClassPathMapperScanner - Skipping MapperFactoryBean with name 'IPermissionMapper' and 'com.bhb.management.mapper.IPermissionMapper' mapperInterface. Bean already defined with the same name!
2021-05-01 22:38:22.635 [main] WARN  org.mybatis.spring.mapper.ClassPathMapperScanner - Skipping MapperFactoryBean with name 'IRoleMapper' and 'com.bhb.management.mapper.IRoleMapper' mapperInterface. Bean already defined with the same name!
2021-05-01 22:38:22.635 [main] WARN  org.mybatis.spring.mapper.ClassPathMapperScanner - Skipping MapperFactoryBean with name 'IUserMapper' and 'com.bhb.management.mapper.IUserMapper' mapperInterface. Bean already defined with the same name!
2021-05-01 22:38:22.635 [main] WARN  org.mybatis.spring.mapper.ClassPathMapperScanner - No MyBatis mapper was found in '[com.bhb.management.mapper]' package. Please check your configuration.
2021-05-01 22:38:25.218 [main] WARN  org.thymeleaf.templatemode.TemplateMode - [THYMELEAF][main] Template Mode 'HTML5' is deprecated. Using Template Mode 'HTML' instead.
2021-05-01 22:38:30.615 [http-nio-8080-exec-3] WARN  org.springframework.web.servlet.PageNotFound - No mapping for GET /login.html
2021-05-01 22:38:30.615 [http-nio-8080-exec-2] WARN  org.springframework.web.servlet.PageNotFound - No mapping for GET /login.html
2021-05-01 22:38:30.615 [http-nio-8080-exec-5] WARN  org.springframework.web.servlet.PageNotFound - No mapping for GET /login.html
2021-05-01 22:38:30.615 [http-nio-8080-exec-7] WARN  org.springframework.web.servlet.PageNotFound - No mapping for GET /login.html
2021-05-01 22:38:30.615 [http-nio-8080-exec-4] WARN  org.springframework.web.servlet.PageNotFound - No mapping for GET /login.html
2021-05-01 22:38:30.615 [http-nio-8080-exec-6] WARN  org.springframework.web.servlet.PageNotFound - No mapping for GET /login.html
2021-05-01 22:38:30.619 [http-nio-8080-exec-6] WARN  org.springframework.web.servlet.PageNotFound - No mapping for GET /login.html
2021-05-01 22:38:30.619 [http-nio-8080-exec-3] WARN  org.springframework.web.servlet.PageNotFound - No mapping for GET /login.html
2021-05-01 22:38:30.619 [http-nio-8080-exec-4] WARN  org.springframework.web.servlet.PageNotFound - No mapping for GET /login.html
2021-05-01 22:38:30.619 [http-nio-8080-exec-2] WARN  org.springframework.web.servlet.PageNotFound - No mapping for GET /login.html
2021-05-01 22:38:30.619 [http-nio-8080-exec-7] WARN  org.springframework.web.servlet.PageNotFound - No mapping for GET /login.html
2021-05-01 22:38:30.619 [http-nio-8080-exec-5] WARN  org.springframework.web.servlet.PageNotFound - No mapping for GET /login.html
2021-05-01 22:38:30.626 [http-nio-8080-exec-8] WARN  org.springframework.web.servlet.PageNotFound - No mapping for GET /login.html
2021-05-01 22:38:30.627 [http-nio-8080-exec-8] WARN  org.springframework.web.servlet.PageNotFound - No mapping for GET /login.html
2021-05-01 22:38:30.631 [http-nio-8080-exec-9] WARN  org.springframework.web.servlet.PageNotFound - No mapping for GET /login.html
2021-05-01 22:38:30.632 [http-nio-8080-exec-9] WARN  org.springframework.web.servlet.PageNotFound - No mapping for GET /login.html
2021-05-01 22:38:30.638 [http-nio-8080-exec-10] WARN  org.springframework.web.servlet.PageNotFound - No mapping for GET /login.html
2021-05-01 22:38:30.638 [http-nio-8080-exec-10] WARN  org.springframework.web.servlet.PageNotFound - No mapping for GET /login.html
2021-05-01 22:38:30.643 [http-nio-8080-exec-1] WARN  org.springframework.web.servlet.PageNotFound - No mapping for GET /login.html
2021-05-01 22:38:30.643 [http-nio-8080-exec-1] WARN  org.springframework.web.servlet.PageNotFound - No mapping for GET /login.html
2021-05-01 22:39:01.748 [main] WARN  org.mybatis.spring.mapper.ClassPathMapperScanner - Skipping MapperFactoryBean with name 'IPermissionMapper' and 'com.bhb.management.mapper.IPermissionMapper' mapperInterface. Bean already defined with the same name!
2021-05-01 22:39:01.749 [main] WARN  org.mybatis.spring.mapper.ClassPathMapperScanner - Skipping MapperFactoryBean with name 'IRoleMapper' and 'com.bhb.management.mapper.IRoleMapper' mapperInterface. Bean already defined with the same name!
2021-05-01 22:39:01.749 [main] WARN  org.mybatis.spring.mapper.ClassPathMapperScanner - Skipping MapperFactoryBean with name 'IUserMapper' and 'com.bhb.management.mapper.IUserMapper' mapperInterface. Bean already defined with the same name!
2021-05-01 22:39:01.749 [main] WARN  org.mybatis.spring.mapper.ClassPathMapperScanner - No MyBatis mapper was found in '[com.bhb.management.mapper]' package. Please check your configuration.
2021-05-01 22:39:04.321 [main] WARN  org.thymeleaf.templatemode.TemplateMode - [THYMELEAF][main] Template Mode 'HTML5' is deprecated. Using Template Mode 'HTML' instead.
